<?xml version="1.0" encoding="UTF-8"?>
<!-- Generated by org.testng.reporters.JUnitReportReporter -->
<testsuite hostname="DESKTOP-PMHNFDC" failures="0" tests="1" name="testcases.ManageCategoryTest" time="4.739" errors="0" timestamp="2025-01-15T11:22:36 IST" skipped="0">
  <testcase classname="testcases.ManageCategoryTest" name="verifyNewManageCategoryWithValidDetails" time="4.739"/>
</testsuite> <!-- testcases.ManageCategoryTest -->
