<?xml version="1.0" encoding="UTF-8"?>
<!-- Generated by org.testng.reporters.JUnitReportReporter -->
<testsuite hostname="DESKTOP-PMHNFDC" failures="0" tests="3" name="testcases.CategoryTest" time="11.039" errors="0" timestamp="2025-01-15T22:24:56 IST" skipped="0">
  <testcase classname="testcases.CategoryTest" name="verifyUserIsAbleToSearchTheCategoryThatIsNotPresent" time="3.098"/>
  <testcase classname="testcases.CategoryTest" name="verifyUserIsAbleToAddNewCategoryWithValidDetails" time="4.990"/>
  <testcase classname="testcases.CategoryTest" name="verifyUserIsAbleToResetTheCategory" time="2.951"/>
</testsuite> <!-- testcases.CategoryTest -->
