<?xml version="1.0" encoding="UTF-8"?>
<!-- Generated by org.testng.reporters.JUnitReportReporter -->
<testsuite hostname="DESKTOP-PMHNFDC" failures="0" tests="6" name="testcases.LoginTest" time="14.118" errors="0" timestamp="2025-01-13T19:34:05 IST" skipped="0">
  <testcase classname="testcases.LoginTest" name="verifyUserLoginWithValidUsernameAndInvalidPassword" time="2.711"/>
  <testcase classname="testcases.LoginTest" name="verifyUserLoginWithInvalidUsernameAndInvalidPassword" time="2.793"/>
  <testcase classname="testcases.LoginTest" name="verifyUserLoginWithValidUsernameAndInvalidPassword" time="2.045"/>
  <testcase classname="testcases.LoginTest" name="verifyUserLoginWithValidUsernameAndInvalidPassword" time="2.123"/>
  <testcase classname="testcases.LoginTest" name="verifyUserLoginWithValidCredentials" time="2.330"/>
  <testcase classname="testcases.LoginTest" name="verifyUserLoginWithInvalidUsernameAndValidPassword" time="2.116"/>
</testsuite> <!-- testcases.LoginTest -->
