<?xml version="1.0" encoding="UTF-8"?>
<!-- Generated by org.testng.reporters.JUnitReportReporter -->
<testsuite hostname="DESKTOP-PMHNFDC" failures="0" tests="6" name="testcases.LoginTest" time="18.847" errors="0" timestamp="2025-01-22T15:47:11 IST" skipped="0">
  <testcase classname="testcases.LoginTest" name="verifyUserLoginWithValidCredentials" time="2.598"/>
  <testcase classname="testcases.LoginTest" name="verifyUserLoginWithValidUsernameAndInvalidPassword" time="5.784"/>
  <testcase classname="testcases.LoginTest" name="verifyUserLoginWithValidUsernameAndInvalidPassword" time="2.443"/>
  <testcase classname="testcases.LoginTest" name="verifyUserLoginWithInvalidUsernameAndInvalidPassword" time="3.464"/>
  <testcase classname="testcases.LoginTest" name="verifyUserLoginWithInvalidUsernameAndValidPassword" time="2.383"/>
  <testcase classname="testcases.LoginTest" name="verifyUserLoginWithValidUsernameAndInvalidPassword" time="2.175"/>
</testsuite> <!-- testcases.LoginTest -->
