<?xml version="1.0" encoding="UTF-8"?>
<!-- Generated by org.testng.reporters.JUnitReportReporter -->
<testsuite hostname="DESKTOP-PMHNFDC" failures="0" tests="4" name="testcases.ManageNewsTest" time="13.596" errors="0" timestamp="2025-01-13T19:34:05 IST" skipped="0">
  <testcase classname="testcases.ManageNewsTest" name="verifyResetManageNews" time="3.140"/>
  <testcase classname="testcases.ManageNewsTest" name="verifySearchManageNews" time="3.454"/>
  <testcase classname="testcases.ManageNewsTest" name="verifyAddManageNews" time="3.517"/>
  <testcase classname="testcases.ManageNewsTest" name="verifyEditManageNews" time="3.485"/>
</testsuite> <!-- testcases.ManageNewsTest -->
