<?xml version="1.0" encoding="UTF-8"?>
<!-- Generated by org.testng.reporters.JUnitReportReporter -->
<testsuite hostname="DESKTOP-PMHNFDC" failures="0" tests="3" name="testcases.CategoryTest" time="10.910" errors="0" timestamp="2025-01-21T20:10:10 IST" skipped="0">
  <testcase classname="testcases.CategoryTest" name="verifyUserIsAbleToAddNewCategoryWithValidDetails" time="4.839"/>
  <testcase classname="testcases.CategoryTest" name="verifyUserIsAbleToSearchTheCategoryThatIsNotPresent" time="3.141"/>
  <testcase classname="testcases.CategoryTest" name="verifyUserIsAbleToResetTheCategory" time="2.930"/>
</testsuite> <!-- testcases.CategoryTest -->
