<?xml version="1.0" encoding="UTF-8"?>
<!-- Generated by org.testng.reporters.JUnitReportReporter -->
<testsuite hostname="DESKTOP-PMHNFDC" failures="0" tests="3" name="testcases.SubCategoryTest" time="15.989" errors="0" timestamp="2025-01-09T21:16:25 IST" skipped="0">
  <testcase classname="testcases.SubCategoryTest" name="addSubCategory" time="6.889"/>
  <testcase classname="testcases.SubCategoryTest" name="searchSubCategory" time="4.859"/>
  <testcase classname="testcases.SubCategoryTest" name="resetSubCategory" time="4.241"/>
</testsuite> <!-- testcases.SubCategoryTest -->
