<?xml version="1.0" encoding="UTF-8"?>
<!-- Generated by org.testng.reporters.JUnitReportReporter -->
<testsuite hostname="DESKTOP-PMHNFDC" failures="0" tests="1" name="testcases.ManageContactTest" time="4.000" errors="0" timestamp="2025-01-22T15:47:11 IST" skipped="0">
  <testcase classname="testcases.ManageContactTest" name="verifyUserIsAbleToUpdateTheContactWithValidDetails" time="4.000"/>
</testsuite> <!-- testcases.ManageContactTest -->
