<?xml version="1.0" encoding="UTF-8"?>
<!-- Generated by org.testng.reporters.JUnitReportReporter -->
<testsuite hostname="DESKTOP-PMHNFDC" failures="0" tests="1" name="testcases.ManageCategoryTest" time="5.222" errors="0" timestamp="2025-01-13T19:34:05 IST" skipped="0">
  <testcase classname="testcases.ManageCategoryTest" name="verifyAddManageCategory" time="5.222"/>
</testsuite> <!-- testcases.ManageCategoryTest -->
