<?xml version="1.0" encoding="UTF-8"?>
<!-- Generated by org.testng.reporters.JUnitReportReporter -->
<testsuite hostname="DESKTOP-PMHNFDC" failures="0" tests="6" name="testcases.LoginTest" time="14.722" errors="0" timestamp="2025-01-21T20:10:10 IST" skipped="0">
  <testcase classname="testcases.LoginTest" name="verifyUserLoginWithValidUsernameAndInvalidPassword" time="2.951"/>
  <testcase classname="testcases.LoginTest" name="verifyUserLoginWithInvalidUsernameAndInvalidPassword" time="3.155"/>
  <testcase classname="testcases.LoginTest" name="verifyUserLoginWithValidUsernameAndInvalidPassword" time="2.079"/>
  <testcase classname="testcases.LoginTest" name="verifyUserLoginWithValidUsernameAndInvalidPassword" time="2.134"/>
  <testcase classname="testcases.LoginTest" name="verifyUserLoginWithValidCredentials" time="2.254"/>
  <testcase classname="testcases.LoginTest" name="verifyUserLoginWithInvalidUsernameAndValidPassword" time="2.149"/>
</testsuite> <!-- testcases.LoginTest -->
