<?xml version="1.0" encoding="UTF-8"?>
<!-- Generated by org.testng.reporters.JUnitReportReporter -->
<testsuite hostname="DESKTOP-PMHNFDC" failures="0" tests="6" name="testcases.LoginTest" time="16.045" errors="0" timestamp="2025-01-15T11:22:36 IST" skipped="0">
  <testcase classname="testcases.LoginTest" name="verifyUserLoginWithInvalidUsernameAndInvalidPassword" time="4.755"/>
  <testcase classname="testcases.LoginTest" name="verifyUserLoginWithValidUsernameAndInvalidPassword" time="2.126"/>
  <testcase classname="testcases.LoginTest" name="verifyUserLoginWithValidUsernameAndInvalidPassword" time="2.225"/>
  <testcase classname="testcases.LoginTest" name="verifyUserLoginWithValidUsernameAndInvalidPassword" time="2.187"/>
  <testcase classname="testcases.LoginTest" name="verifyUserLoginWithValidCredentials" time="2.372"/>
  <testcase classname="testcases.LoginTest" name="verifyUserLoginWithInvalidUsernameAndValidPassword" time="2.380"/>
</testsuite> <!-- testcases.LoginTest -->
