<?xml version="1.0" encoding="UTF-8"?>
<!-- Generated by org.testng.reporters.JUnitReportReporter -->
<testsuite hostname="DESKTOP-PMHNFDC" failures="0" tests="1" name="testcases.ManageCategoryTest" time="4.631" errors="0" timestamp="2025-01-15T22:24:56 IST" skipped="0">
  <testcase classname="testcases.ManageCategoryTest" name="verifyUserIsAbleToAddNewManageCategoryWithValidDetails" time="4.631"/>
</testsuite> <!-- testcases.ManageCategoryTest -->
