<?xml version="1.0" encoding="UTF-8"?>
<!-- Generated by org.testng.reporters.JUnitReportReporter -->
<testsuite hostname="DESKTOP-PMHNFDC" failures="0" tests="3" name="testcases.SubCategoryTest" time="12.395" errors="0" timestamp="2025-01-22T15:47:11 IST" skipped="0">
  <testcase classname="testcases.SubCategoryTest" name="verifyUserIsAbleToAddNewSubCategoryWithValidDetails" time="5.134"/>
  <testcase classname="testcases.SubCategoryTest" name="verifyUserIsAbleToSearchTheSubCategoryIsNotPresent" time="4.085"/>
  <testcase classname="testcases.SubCategoryTest" name="verifyUserIsAbleToResetTheSubCategory" time="3.176"/>
</testsuite> <!-- testcases.SubCategoryTest -->
