<?xml version="1.0" encoding="UTF-8"?>
<!-- Generated by org.testng.reporters.JUnitReportReporter -->
<testsuite hostname="DESKTOP-PMHNFDC" failures="0" tests="4" name="testcases.ManageNewsTest" time="12.390" errors="0" timestamp="2025-01-15T11:22:36 IST" skipped="0">
  <testcase classname="testcases.ManageNewsTest" name="verifyUserIsAbleToResetTheManageNews" time="2.770"/>
  <testcase classname="testcases.ManageNewsTest" name="verifyNewManageNewsWithValidDetails" time="3.345"/>
  <testcase classname="testcases.ManageNewsTest" name="verifyUserIsAbleEditTheManageNewsWithValidDetails" time="3.240"/>
  <testcase classname="testcases.ManageNewsTest" name="verifyUserIsAbleToSearchTheManageNewsIsPresent" time="3.035"/>
</testsuite> <!-- testcases.ManageNewsTest -->
