<?xml version="1.0" encoding="UTF-8"?>
<!-- Generated by org.testng.reporters.JUnitReportReporter -->
<testsuite hostname="DESKTOP-PMHNFDC" failures="0" tests="6" name="testcases.LoginTest" time="14.417" errors="0" timestamp="2025-01-15T22:24:56 IST" skipped="0">
  <testcase classname="testcases.LoginTest" name="verifyUserLoginWithValidUsernameAndInvalidPassword" time="2.184"/>
  <testcase classname="testcases.LoginTest" name="verifyUserLoginWithInvalidUsernameAndInvalidPassword" time="2.853"/>
  <testcase classname="testcases.LoginTest" name="verifyUserLoginWithValidUsernameAndInvalidPassword" time="2.606"/>
  <testcase classname="testcases.LoginTest" name="verifyUserLoginWithInvalidUsernameAndValidPassword" time="2.201"/>
  <testcase classname="testcases.LoginTest" name="verifyUserLoginWithValidUsernameAndInvalidPassword" time="2.251"/>
  <testcase classname="testcases.LoginTest" name="verifyUserLoginWithValidCredentials" time="2.322"/>
</testsuite> <!-- testcases.LoginTest -->
