<?xml version="1.0" encoding="UTF-8"?>
<!-- Generated by org.testng.reporters.JUnitReportReporter -->
<testsuite hostname="DESKTOP-PMHNFDC" failures="0" tests="3" name="testcases.SubCategoryTest" time="11.176" errors="0" timestamp="2025-01-13T19:34:05 IST" skipped="0">
  <testcase classname="testcases.SubCategoryTest" name="verifyAddSubCategory" time="4.316"/>
  <testcase classname="testcases.SubCategoryTest" name="verifySearchSubCategory" time="3.590"/>
  <testcase classname="testcases.SubCategoryTest" name="verifyResetSubCategory" time="3.270"/>
</testsuite> <!-- testcases.SubCategoryTest -->
