<?xml version="1.0" encoding="UTF-8"?>
<!-- Generated by org.testng.reporters.JUnitReportReporter -->
<testsuite hostname="DESKTOP-PMHNFDC" failures="0" tests="4" name="testcases.ManageNewsTest" time="19.027" errors="0" timestamp="2025-01-21T20:10:10 IST" skipped="0">
  <testcase classname="testcases.ManageNewsTest" name="verifyUserIsAbleTOAddNewNewsWithValidDetails" time="5.031"/>
  <testcase classname="testcases.ManageNewsTest" name="verifyUserIsAbleToResetTheNews" time="3.709"/>
  <testcase classname="testcases.ManageNewsTest" name="verifyUserIsAbleToSearchTheNewsThatIsNotPresent" time="5.649"/>
  <testcase classname="testcases.ManageNewsTest" name="verifyUserIsAbleToEditTheNewsWithValidDetails" time="4.638"/>
</testsuite> <!-- testcases.ManageNewsTest -->
