<?xml version="1.0" encoding="UTF-8"?>
<!-- Generated by org.testng.reporters.JUnitReportReporter -->
<testsuite hostname="DESKTOP-PMHNFDC" failures="0" tests="3" name="testcases.SubCategoryTest" time="15.766" errors="0" timestamp="2025-01-21T20:10:10 IST" skipped="0">
  <testcase classname="testcases.SubCategoryTest" name="verifyUserIsAbleToAddNewSubCategoryWithValidDetails" time="5.489"/>
  <testcase classname="testcases.SubCategoryTest" name="verifyUserIsAbleToSearchTheSubCategoryIsNotPresent" time="6.621"/>
  <testcase classname="testcases.SubCategoryTest" name="verifyUserIsAbleToResetTheSubCategory" time="3.656"/>
</testsuite> <!-- testcases.SubCategoryTest -->
