<?xml version="1.0" encoding="UTF-8"?>
<!-- Generated by org.testng.reporters.JUnitReportReporter -->
<testsuite hostname="DESKTOP-PMHNFDC" failures="0" tests="4" name="testcases.ManageNewsTest" time="12.802" errors="0" timestamp="2025-01-15T22:24:56 IST" skipped="0">
  <testcase classname="testcases.ManageNewsTest" name="verifyUserIsAbleToResetTheManageNews" time="2.869"/>
  <testcase classname="testcases.ManageNewsTest" name="verifyUserIsAbleToSearchTheNewsIsPresent" time="3.058"/>
  <testcase classname="testcases.ManageNewsTest" name="verifyUserIsAbleTOAddNewNewsWithValidDetails" time="3.410"/>
  <testcase classname="testcases.ManageNewsTest" name="verifyUserIsAbleToEditTheNewsWithValidDetails" time="3.465"/>
</testsuite> <!-- testcases.ManageNewsTest -->
