<?xml version="1.0" encoding="UTF-8"?>
<!-- Generated by org.testng.reporters.JUnitReportReporter -->
<testsuite hostname="DESKTOP-PMHNFDC" failures="0" tests="3" name="testcases.CategoryTest" time="11.761" errors="0" timestamp="2025-01-22T15:47:11 IST" skipped="0">
  <testcase classname="testcases.CategoryTest" name="verifyUserIsAbleToResetTheCategory" time="3.221"/>
  <testcase classname="testcases.CategoryTest" name="verifyUserIsAbleToSearchTheCategoryThatIsNotPresent" time="3.307"/>
  <testcase classname="testcases.CategoryTest" name="verifyUserIsAbleToAddNewCategoryWithValidDetails" time="5.233"/>
</testsuite> <!-- testcases.CategoryTest -->
