<?xml version="1.0" encoding="UTF-8"?>
<!-- Generated by org.testng.reporters.JUnitReportReporter -->
<testsuite hostname="DESKTOP-PMHNFDC" failures="0" tests="4" name="testcases.ManageNewsTest" time="14.048" errors="0" timestamp="2025-01-22T15:47:11 IST" skipped="0">
  <testcase classname="testcases.ManageNewsTest" name="verifyUserIsAbleToEditTheNewsWithValidDetails" time="4.224"/>
  <testcase classname="testcases.ManageNewsTest" name="verifyUserIsAbleToResetTheNews" time="3.047"/>
  <testcase classname="testcases.ManageNewsTest" name="verifyUserIsAbleToSearchTheNewsThatIsNotPresent" time="3.193"/>
  <testcase classname="testcases.ManageNewsTest" name="verifyUserIsAbleTOAddNewNewsWithValidDetails" time="3.584"/>
</testsuite> <!-- testcases.ManageNewsTest -->
