<?xml version="1.0" encoding="UTF-8"?>
<!-- Generated by org.testng.reporters.JUnitReportReporter -->
<testsuite hostname="DESKTOP-PMHNFDC" failures="0" tests="3" name="testcases.CategoryTest" time="11.781" errors="0" timestamp="2025-01-15T11:22:36 IST" skipped="0">
  <testcase classname="testcases.CategoryTest" name="verifyUserIsAbleToSearchTheCategoryIsNotPresent" time="3.372"/>
  <testcase classname="testcases.CategoryTest" name="verifyUserIsAbleToResetTheCategory" time="3.045"/>
  <testcase classname="testcases.CategoryTest" name="verifyNewCategoryWithValidDetails" time="5.364"/>
</testsuite> <!-- testcases.CategoryTest -->
