<?xml version="1.0" encoding="UTF-8"?>
<!-- Generated by org.testng.reporters.JUnitReportReporter -->
<testsuite hostname="DESKTOP-PMHNFDC" failures="0" tests="3" name="testcases.CategoryTest" time="11.168" errors="0" timestamp="2025-01-13T19:34:05 IST" skipped="0">
  <testcase classname="testcases.CategoryTest" name="verifySearchCategory" time="3.265"/>
  <testcase classname="testcases.CategoryTest" name="verifyAddCategory" time="4.700"/>
  <testcase classname="testcases.CategoryTest" name="verifyResetCategory" time="3.203"/>
</testsuite> <!-- testcases.CategoryTest -->
