<?xml version="1.0" encoding="UTF-8"?>
<!-- Generated by org.testng.reporters.JUnitReportReporter -->
<testsuite hostname="DESKTOP-PMHNFDC" failures="0" tests="3" name="testcases.SubCategoryTest" time="11.382" errors="0" timestamp="2025-01-15T11:22:36 IST" skipped="0">
  <testcase classname="testcases.SubCategoryTest" name="verifyNewSubCategoryWithValidDetails" time="4.553"/>
  <testcase classname="testcases.SubCategoryTest" name="verifyUserIsAbleToSearchTheSubCategoryIsNotPresent" time="3.427"/>
  <testcase classname="testcases.SubCategoryTest" name="verifyUserIsAbleToResetTheSubCategory" time="3.402"/>
</testsuite> <!-- testcases.SubCategoryTest -->
